app/build/intermediates/manifest_merge_blame_file/debug/processDebugMainManifest/manifest-merger-blame-debug-report.txt
1<?xml version="1.0" encoding="utf-8"?>
2<manifest xmlns:android="http://schemas.android.com/apk/res/android"
3    package="com.defianttech.convertme"
4    android:versionCode="54"
5    android:versionName="1.0-2024-04-24" >
6
7    <uses-sdk
8        android:minSdkVersion="14"
9        android:targetSdkVersion="34" />
10
11    <permission
11-->[androidx.core:core:1.9.0] AndroidManifest.xml:22:5-24:47
12        android:name="com.defianttech.convertme.DYNAMIC_RECEIVER_NOT_EXPORTED_PERMISSION"
12-->[androidx.core:core:1.9.0] AndroidManifest.xml:23:9-81
13        android:protectionLevel="signature" />
13-->[androidx.core:core:1.9.0] AndroidManifest.xml:24:9-44
14
15    <uses-permission android:name="com.defianttech.convertme.DYNAMIC_RECEIVER_NOT_EXPORTED_PERMISSION" />
15-->[androidx.core:core:1.9.0] AndroidManifest.xml:26:5-97
15-->[androidx.core:core:1.9.0] AndroidManifest.xml:26:22-94
16
17    <application
17-->src\main\AndroidManifest.xml:3:5-44:19
18        android:allowBackup="true"
18-->src\main\AndroidManifest.xml:4:9-35
19        android:appComponentFactory="androidx.core.app.CoreComponentFactory"
19-->[androidx.core:core:1.9.0] AndroidManifest.xml:28:18-86
20        android:debuggable="true"
21        android:extractNativeLibs="true"
22        android:icon="@mipmap/ic_launcher"
22-->src\main\AndroidManifest.xml:6:9-43
23        android:label="@string/launcher_title"
23-->src\main\AndroidManifest.xml:5:9-47
24        android:supportsRtl="true"
24-->src\main\AndroidManifest.xml:8:9-35
25        android:testOnly="true"
26        android:theme="@style/AppTheme" >
26-->src\main\AndroidManifest.xml:7:9-40
27        <uses-library
27-->src\main\AndroidManifest.xml:10:9-96
28            android:name="com.sec.android.app.multiwindow"
28-->src\main\AndroidManifest.xml:10:48-94
29            android:required="false" />
29-->src\main\AndroidManifest.xml:10:23-47
30
31        <meta-data
31-->src\main\AndroidManifest.xml:11:9-94
32            android:name="com.sec.android.support.multiwindow"
32-->src\main\AndroidManifest.xml:11:20-70
33            android:value="true" />
33-->src\main\AndroidManifest.xml:11:71-91
34
35        <activity
35-->src\main\AndroidManifest.xml:13:9-21:20
36            android:name="com.defianttech.convertme.ConvertActivity"
36-->src\main\AndroidManifest.xml:13:19-50
37            android:exported="true"
37-->src\main\AndroidManifest.xml:15:13-36
38            android:windowSoftInputMode="stateHidden" >
38-->src\main\AndroidManifest.xml:14:13-54
39            <intent-filter>
39-->src\main\AndroidManifest.xml:16:13-20:29
40                <action android:name="android.intent.action.MAIN" />
40-->src\main\AndroidManifest.xml:17:17-68
40-->src\main\AndroidManifest.xml:17:25-66
41
42                <category android:name="android.intent.category.LAUNCHER" />
42-->src\main\AndroidManifest.xml:18:17-76
42-->src\main\AndroidManifest.xml:18:27-74
43                <category android:name="android.intent.category.MULTIWINDOW_LAUNCHER" />
43-->src\main\AndroidManifest.xml:19:17-89
43-->src\main\AndroidManifest.xml:19:27-86
44            </intent-filter>
45        </activity>
46        <activity
46-->src\main\AndroidManifest.xml:23:9-24:57
47            android:name="com.defianttech.convertme.WidgetSetupActivity"
47-->src\main\AndroidManifest.xml:23:19-54
48            android:windowSoftInputMode="stateHidden" />
48-->src\main\AndroidManifest.xml:24:13-54
49        <activity android:name="com.defianttech.convertme.CustomUnitsActivity" />
49-->src\main\AndroidManifest.xml:26:9-57
49-->src\main\AndroidManifest.xml:26:19-54
50        <activity android:name="com.defianttech.convertme.CustomUnitsAddActivity" />
50-->src\main\AndroidManifest.xml:28:9-60
50-->src\main\AndroidManifest.xml:28:19-57
51
52        <receiver
52-->src\main\AndroidManifest.xml:30:9-42:20
53            android:name="com.defianttech.convertme.WidgetProvider"
53-->src\main\AndroidManifest.xml:33:13-43
54            android:exported="true"
54-->src\main\AndroidManifest.xml:34:13-36
55            android:icon="@mipmap/ic_launcher"
55-->src\main\AndroidManifest.xml:31:13-47
56            android:label="@string/widget_title" >
56-->src\main\AndroidManifest.xml:32:13-49
57            <intent-filter>
57-->src\main\AndroidManifest.xml:35:13-37:29
58                <action android:name="android.appwidget.action.APPWIDGET_UPDATE" />
58-->src\main\AndroidManifest.xml:36:17-84
58-->src\main\AndroidManifest.xml:36:25-81
59            </intent-filter>
60
61            <meta-data
61-->src\main\AndroidManifest.xml:39:13-41:64
62                android:name="android.appwidget.provider"
62-->src\main\AndroidManifest.xml:40:17-58
63                android:resource="@xml/widget_convert_units" />
63-->src\main\AndroidManifest.xml:41:17-61
64        </receiver>
65
66        <provider
66-->[androidx.emoji2:emoji2:1.2.0] AndroidManifest.xml:24:9-32:20
67            android:name="androidx.startup.InitializationProvider"
67-->[androidx.emoji2:emoji2:1.2.0] AndroidManifest.xml:25:13-67
68            android:authorities="com.defianttech.convertme.androidx-startup"
68-->[androidx.emoji2:emoji2:1.2.0] AndroidManifest.xml:26:13-68
69            android:exported="false" >
69-->[androidx.emoji2:emoji2:1.2.0] AndroidManifest.xml:27:13-37
70            <meta-data
70-->[androidx.emoji2:emoji2:1.2.0] AndroidManifest.xml:29:13-31:52
71                android:name="androidx.emoji2.text.EmojiCompatInitializer"
71-->[androidx.emoji2:emoji2:1.2.0] AndroidManifest.xml:30:17-75
72                android:value="androidx.startup" />
72-->[androidx.emoji2:emoji2:1.2.0] AndroidManifest.xml:31:17-49
73            <meta-data
73-->[androidx.lifecycle:lifecycle-process:2.6.1] AndroidManifest.xml:29:13-31:52
74                android:name="androidx.lifecycle.ProcessLifecycleInitializer"
74-->[androidx.lifecycle:lifecycle-process:2.6.1] AndroidManifest.xml:30:17-78
75                android:value="androidx.startup" />
75-->[androidx.lifecycle:lifecycle-process:2.6.1] AndroidManifest.xml:31:17-49
76            <meta-data
76-->[androidx.profileinstaller:profileinstaller:1.3.0] AndroidManifest.xml:29:13-31:52
77                android:name="androidx.profileinstaller.ProfileInstallerInitializer"
77-->[androidx.profileinstaller:profileinstaller:1.3.0] AndroidManifest.xml:30:17-85
78                android:value="androidx.startup" />
78-->[androidx.profileinstaller:profileinstaller:1.3.0] AndroidManifest.xml:31:17-49
79        </provider>
80
81        <receiver
81-->[androidx.profileinstaller:profileinstaller:1.3.0] AndroidManifest.xml:34:9-52:20
82            android:name="androidx.profileinstaller.ProfileInstallReceiver"
82-->[androidx.profileinstaller:profileinstaller:1.3.0] AndroidManifest.xml:35:13-76
83            android:directBootAware="false"
83-->[androidx.profileinstaller:profileinstaller:1.3.0] AndroidManifest.xml:36:13-44
84            android:enabled="true"
84-->[androidx.profileinstaller:profileinstaller:1.3.0] AndroidManifest.xml:37:13-35
85            android:exported="true"
85-->[androidx.profileinstaller:profileinstaller:1.3.0] AndroidManifest.xml:38:13-36
86            android:permission="android.permission.DUMP" >
86-->[androidx.profileinstaller:profileinstaller:1.3.0] AndroidManifest.xml:39:13-57
87            <intent-filter>
87-->[androidx.profileinstaller:profileinstaller:1.3.0] AndroidManifest.xml:40:13-42:29
88                <action android:name="androidx.profileinstaller.action.INSTALL_PROFILE" />
88-->[androidx.profileinstaller:profileinstaller:1.3.0] AndroidManifest.xml:41:17-91
88-->[androidx.profileinstaller:profileinstaller:1.3.0] AndroidManifest.xml:41:25-88
89            </intent-filter>
90            <intent-filter>
90-->[androidx.profileinstaller:profileinstaller:1.3.0] AndroidManifest.xml:43:13-45:29
91                <action android:name="androidx.profileinstaller.action.SKIP_FILE" />
91-->[androidx.profileinstaller:profileinstaller:1.3.0] AndroidManifest.xml:44:17-85
91-->[androidx.profileinstaller:profileinstaller:1.3.0] AndroidManifest.xml:44:25-82
92            </intent-filter>
93            <intent-filter>
93-->[androidx.profileinstaller:profileinstaller:1.3.0] AndroidManifest.xml:46:13-48:29
94                <action android:name="androidx.profileinstaller.action.SAVE_PROFILE" />
94-->[androidx.profileinstaller:profileinstaller:1.3.0] AndroidManifest.xml:47:17-88
94-->[androidx.profileinstaller:profileinstaller:1.3.0] AndroidManifest.xml:47:25-85
95            </intent-filter>
96            <intent-filter>
96-->[androidx.profileinstaller:profileinstaller:1.3.0] AndroidManifest.xml:49:13-51:29
97                <action android:name="androidx.profileinstaller.action.BENCHMARK_OPERATION" />
97-->[androidx.profileinstaller:profileinstaller:1.3.0] AndroidManifest.xml:50:17-95
97-->[androidx.profileinstaller:profileinstaller:1.3.0] AndroidManifest.xml:50:25-92
98            </intent-filter>
99        </receiver>
100    </application>
101
102</manifest>